[Licensing::Module] Trying to connect to existing licensing client channel...
[Licensing::IpcConnector] Successfully connected to: "LicenseClient-Lloyd Christmas" at "2026-03-20T06:12:29.5983552Z"
Built from '6000.3/staging' branch; Version is '6000.3.11f1 (3000ef702840) revision 3145967'; Using compiler version '194234433'; Build Type 'Release'
OS: 'Windows 10  (10.0.19045) 64bit CoreSingleLanguage' Language: 'ru' Physical Memory: 15741 MB
BatchMode: 1, IsHumanControllingUs: 0, StartBugReporterOnCrash: 0, Is64bit: 1
System  architecture: x64
Process architecture: x64
Date: 2026-03-20T06:12:29Z

COMMAND LINE ARGUMENTS:
D:\UnityHubing\6000.3.11f1\Editor\Unity.exe
-adb2
-batchMode
-noUpm
-name
AssetImportWorker4
-projectPath
D:/unity/Unity Hub/AngryPunk
-logFile
Logs/AssetImportWorker4.log
-srvPort
53284
-job-worker-count
5
-background-job-worker-count
8
-gc-helper-count
1
-name
AssetImport
Successfully changed project path to: D:/unity/Unity Hub/AngryPunk
D:/unity/Unity Hub/AngryPunk
[UnityMemory] Configuration Parameters - Can be set up in boot.config
    "memorysetup-temp-allocator-size-nav-mesh-worker=65536"
    "memorysetup-temp-allocator-size-audio-worker=65536"
    "memorysetup-temp-allocator-size-gfx=262144"
    "memorysetup-allocator-temp-initial-block-size-main=262144"
    "memorysetup-allocator-temp-initial-block-size-worker=262144"
    "memorysetup-temp-allocator-size-background-worker=32768"
    "memorysetup-temp-allocator-size-job-worker=262144"
    "memorysetup-temp-allocator-size-preload-manager=33554432"
    "memorysetup-temp-allocator-size-gi-baking-worker=262144"
    "memorysetup-temp-allocator-size-gi-baking-worker=262144"
    "memorysetup-temp-allocator-size-gi-baking-worker=262144"
    "memorysetup-temp-allocator-size-gi-baking-worker=262144"
    "memorysetup-temp-allocator-size-gi-baking-worker=262144"
    "memorysetup-bucket-allocator-granularity=16"
    "memorysetup-bucket-allocator-bucket-count=8"
    "memorysetup-bucket-allocator-block-size=33554432"
    "memorysetup-bucket-allocator-block-count=8"
    "memorysetup-main-allocator-block-size=16777216"
    "memorysetup-thread-allocator-block-size=16777216"
    "memorysetup-gfx-main-allocator-block-size=16777216"
    "memorysetup-gfx-thread-allocator-block-size=16777216"
    "memorysetup-cache-allocator-block-size=4194304"
    "memorysetup-typetree-allocator-block-size=2097152"
    "memorysetup-profiler-bucket-allocator-granularity=16"
    "memorysetup-profiler-bucket-allocator-bucket-count=8"
    "memorysetup-profiler-bucket-allocator-block-size=33554432"
    "memorysetup-profiler-bucket-allocator-block-count=8"
    "memorysetup-profiler-allocator-block-size=16777216"
    "memorysetup-profiler-editor-allocator-block-size=1048576"
    "memorysetup-temp-allocator-size-main=16777216"
    "memorysetup-job-temp-allocator-block-size=2097152"
    "memorysetup-job-temp-allocator-block-size-background=1048576"
    "memorysetup-job-temp-allocator-reduction-small-platforms=262144"
    "memorysetup-temp-allocator-size-cloud-worker=32768"
Player connection [28660]  Target information:

Player connection [28660]  * "[IP] 192.168.0.11 [Port] 0 [Flags] 2 [Guid] 764307627 [EditorId] 764307627 [Version] 1048832 [Id] WindowsEditor(7,LAPTOP-UPGSQ29G) [Debug] 1 [PackageName] WindowsEditor [ProjectName] Editor" 

Player connection [28660] Host joined multi-casting on [225.0.0.222:54997]...
Player connection [28660] Host joined alternative multi-casting on [225.0.0.222:34997]...
JobSystem: Creating JobQueue using job-worker-count value 5
Input System module state changed to: Initialized.
[Physics::Module] Initialized fallback backend.
[Physics::Module] Id: 0xdecafbad
Library Redirect Path: Library/
[Physics::Module] Selected backend.
[Physics::Module] Name: PhysX
[Physics::Module] Id: 0xf2b8ea05
[Physics::Module] SDK Version: 4.1.2
[Physics::Module] Integration Version: 1.0.0
[Physics::Module] Threading Mode: Multi-Threaded
Refreshing native plugins compatible for Editor in 11.02 ms, found 4 plugins.
Preloading 0 native plugins for Editor in 0.00 ms.
Initialize engine version: 6000.3.11f1 (3000ef702840)
[Subsystems] Discovering subsystems at path D:/UnityHubing/6000.3.11f1/Editor/Data/Resources/UnitySubsystems
[Subsystems] Discovering subsystems at path D:/unity/Unity Hub/AngryPunk/Assets
GfxDevice: creating device client; kGfxThreadingModeNonThreaded
Direct3D:
    Version:  Direct3D 11.0 [level 11.1]
    Renderer: AMD Radeon(TM) Graphics (ID=0x1636)
    Vendor:   ATI
    VRAM:     7870 MB
    Driver:   27.20.11022.14001
Initialize mono
Mono path[0] = 'D:/UnityHubing/6000.3.11f1/Editor/Data/Managed'
Mono path[1] = 'D:/UnityHubing/6000.3.11f1/Editor/Data/MonoBleedingEdge/lib/mono/unityjit-win32'
Mono config path = 'D:/UnityHubing/6000.3.11f1/Editor/Data/MonoBleedingEdge/etc'
Using monoOptions --debugger-agent=transport=dt_socket,embedding=1,server=y,suspend=n,address=127.0.0.1:56432
Begin MonoManager ReloadAssembly
Registering precompiled unity dll's ...
Register platform support module: D:/UnityHubing/6000.3.11f1/Editor/Data/PlaybackEngines/WebGLSupport/UnityEditor.WebGL.Extensions.dll
[Licensing::Module] Licensing is not yet initialized.
[Licensing::Client] Error: HandshakeResponse reported an error:
	ResponseCode: 505
	ResponseStatus: Unsupported protocol version '1.18.0'.
[Licensing::Module] Error: Failed to handshake to channel: "LicenseClient-Lloyd Christmas"
[Licensing::IpcConnector] LicenseClient-Lloyd Christmas channel disconnected successfully.
[Licensing::IpcConnector] Successfully connected to: "LicenseClient-Lloyd Christmas-6000.3.11" at "2026-03-20T06:12:31.2576364Z"
[Licensing::Client] Handshaking with LicensingClient:
  Version:                 1.18.0+23225a6
  Session Id:              c3aab320862446a68c6fc3d5488bd9ca
  Correlation Id:          3d334bbb81d87c313ba5fe23bc94f8a7
  External correlation Id: 384448791504723874
  Machine Id:              xK7yI1bb8lW9vIFDmrzYThVuWqM=
[Licensing::Module] Successfully connected to LicensingClient on channel: "LicenseClient-Lloyd Christmas-6000.3.11" (connect: 0.00s, validation: 0.00s, handshake: 0.37s)
[Licensing::IpcConnector] Successfully connected to: "LicenseClient-Lloyd Christmas-6000.3.11-notifications" at "2026-03-20T06:12:31.6277735Z"
[Licensing::Module] Licensing Background thread has ended after 2.03s
[Licensing::Module] Licensing is initialized (took 0.81s).
[Licensing::Client] Successfully resolved entitlement details
[Licensing::Module] License group:
  Id: F4-6PKJ-G6KW-M64E-RF3W-XXXX
  Product: Unity Personal
  Type: ULF
  Expiration: Unlimited
[Licensing::Module] License group:
  Id: 10171553415263-UnityPersXXXX
  Product: Unity Personal
  Type: Assigned
  Expiration: Unlimited
Register platform support module: D:/UnityHubing/6000.3.11f1/Editor/Data/PlaybackEngines/VisionOSPlayer/UnityEditor.VisionOS.Extensions.dll
Register platform support module: D:/UnityHubing/6000.3.11f1/Editor/Data/PlaybackEngines/WindowsStandaloneSupport/UnityEditor.WindowsStandalone.Extensions.dll
[Licensing::Client] Successfully resolved entitlement details
[Licensing::Module] License group:
  Id: F4-6PKJ-G6KW-M64E-RF3W-XXXX
  Product: Unity Personal
  Type: ULF
  Expiration: Unlimited
[Licensing::Module] License group:
  Id: 10171553415263-UnityPersXXXX
  Product: Unity Personal
  Type: Assigned
  Expiration: Unlimited
Register platform support module: D:/UnityHubing/6000.3.11f1/Editor/Data/PlaybackEngines/MetroSupport/UnityEditor.UWP.Extensions.dll
[Licensing::Client] Successfully resolved entitlement details
[Licensing::Module] License group:
  Id: F4-6PKJ-G6KW-M64E-RF3W-XXXX
  Product: Unity Personal
  Type: ULF
  Expiration: Unlimited
[Licensing::Module] License group:
  Id: 10171553415263-UnityPersXXXX
  Product: Unity Personal
  Type: Assigned
  Expiration: Unlimited
Register platform support module: D:/UnityHubing/6000.3.11f1/Editor/Data/PlaybackEngines/AndroidPlayer/UnityEditor.Android.Extensions.dll
Register platform support module: D:/UnityHubing/6000.3.11f1/Editor/Data/PlaybackEngines/iOSSupport/UnityEditor.iOS.Extensions.dll
Register platform support module: D:/UnityHubing/6000.3.11f1/Editor/Data/PlaybackEngines/AppleTVSupport/UnityEditor.AppleTV.Extensions.dll
Registered in 0.840355 seconds.
- Loaded All Assemblies, in  1.935 seconds
Native extension for AppleTV target not found
Native extension for iOS target not found
Native extension for Android target not found
Native extension for UWP target not found
Native extension for WindowsStandalone target not found
Failed to load: D:/UnityHubing/6000.3.11f1/Editor/Data/PlaybackEngines/VisionOSPlayer\x64\UnityEditor.VisionOS.Native.dll
Native extension for VisionOS target not found
Native extension for WebGL target not found
Package Manager log level set to [2]
[Package Manager] Failed to launch server process. Reason: Unity was launched with the -noUpm command-line argument
[Package Manager] Unable to send message (not connected to server process).
[Package Manager] Cannot connect to Unity Package Manager local server
ScheduleIndexationOnStartup MainProcess:False IndexOnStartup:True
Mono: successfully reloaded assembly
- Finished resetting the current domain, in  1.168 seconds
Domain Reload Profiling: 3101ms
	BeginReloadAssembly (277ms)
		ExecutionOrderSort (0ms)
		DisableScriptedObjects (0ms)
		BackupInstance (0ms)
		ReleaseScriptingObjects (0ms)
		CreateAndSetChildDomain (1ms)
	RebuildCommonClasses (76ms)
	RebuildNativeTypeToScriptingClass (48ms)
	initialDomainReloadingComplete (945ms)
	LoadAllAssembliesAndSetupDomain (587ms)
		LoadAssemblies (282ms)
		RebuildTransferFunctionScriptingTraits (0ms)
		AnalyzeDomain (573ms)
			TypeCache.Refresh (570ms)
				TypeCache.ScanAssembly (526ms)
			BuildScriptInfoCaches (0ms)
			ResolveRequiredComponents (1ms)
	FinalizeReload (1169ms)
		ReleaseScriptCaches (0ms)
		RebuildScriptCaches (0ms)
		SetupLoadedEditorAssemblies (1041ms)
			LogAssemblyErrors (0ms)
			InitializePlatformSupportModulesInManaged (265ms)
			SetLoadedEditorAssemblies (9ms)
			BeforeProcessingInitializeOnLoad (206ms)
			ProcessInitializeOnLoadAttributes (403ms)
			ProcessInitializeOnLoadMethodAttributes (157ms)
			AfterProcessingInitializeOnLoad (0ms)
			EditorAssembliesLoaded (0ms)
		ExecutionOrderSort2 (0ms)
		AwakeInstancesAfterBackupRestoration (0ms)
========================================================================
Worker process is ready to serve import requests
Import Worker Mode flag is 0x00
Begin MonoManager ReloadAssembly
[Licensing::Client] Successfully resolved entitlement details
[Licensing::Module] License group:
  Id: F4-6PKJ-G6KW-M64E-RF3W-XXXX
  Product: Unity Personal
  Type: ULF
  Expiration: Unlimited
[Licensing::Module] License group:
  Id: 10171553415263-UnityPersXXXX
  Product: Unity Personal
  Type: Assigned
  Expiration: Unlimited
- Loaded All Assemblies, in  2.114 seconds
Refreshing native plugins compatible for Editor in 2.63 ms, found 4 plugins.
Native extension for AppleTV target not found
Native extension for iOS target not found
Native extension for Android target not found
Native extension for UWP target not found
Native extension for WindowsStandalone target not found
Failed to load: D:/UnityHubing/6000.3.11f1/Editor/Data/PlaybackEngines/VisionOSPlayer\x64\UnityEditor.VisionOS.Native.dll
Native extension for VisionOS target not found
Native extension for WebGL target not found
[Package Manager] Failed to launch server process. Reason: Unity was launched with the -noUpm command-line argument
[Package Manager] Unable to send message (not connected to server process).
[Package Manager] Cannot connect to Unity Package Manager local server
[Package Manager] Failed to launch server process. Reason: Unity was launched with the -noUpm command-line argument
[Package Manager] Unable to send message (not connected to server process).
[Package Manager] Cannot connect to Unity Package Manager local server
ScheduleIndexationOnStartup MainProcess:False IndexOnStartup:True
Mono: successfully reloaded assembly
- Finished resetting the current domain, in  1.760 seconds
Domain Reload Profiling: 3869ms
	BeginReloadAssembly (503ms)
		ExecutionOrderSort (0ms)
		DisableScriptedObjects (19ms)
		BackupInstance (0ms)
		ReleaseScriptingObjects (0ms)
		CreateAndSetChildDomain (69ms)
	RebuildCommonClasses (123ms)
	RebuildNativeTypeToScriptingClass (43ms)
	initialDomainReloadingComplete (120ms)
	LoadAllAssembliesAndSetupDomain (1319ms)
		LoadAssemblies (994ms)
		RebuildTransferFunctionScriptingTraits (0ms)
		AnalyzeDomain (627ms)
			TypeCache.Refresh (473ms)
				TypeCache.ScanAssembly (445ms)
			BuildScriptInfoCaches (130ms)
			ResolveRequiredComponents (19ms)
	FinalizeReload (1760ms)
		ReleaseScriptCaches (0ms)
		RebuildScriptCaches (0ms)
		SetupLoadedEditorAssemblies (1444ms)
			LogAssemblyErrors (0ms)
			InitializePlatformSupportModulesInManaged (69ms)
			SetLoadedEditorAssemblies (13ms)
			BeforeProcessingInitializeOnLoad (345ms)
			ProcessInitializeOnLoadAttributes (766ms)
			ProcessInitializeOnLoadMethodAttributes (247ms)
			AfterProcessingInitializeOnLoad (4ms)
			EditorAssembliesLoaded (0ms)
		ExecutionOrderSort2 (0ms)
		AwakeInstancesAfterBackupRestoration (9ms)
Launched and connected shader compiler UnityShaderCompiler.exe after 0.02 seconds
Refreshing native plugins compatible for Editor in 2.05 ms, found 4 plugins.
Preloading 0 native plugins for Editor in 0.00 ms.
Unloading 16 Unused Serialized files (Serialized files now loaded: 0)
Unloading 6916 unused Assets / (4.9 MB). Loaded Objects now: 7753.
Memory consumption went from 150.9 MB to 146.0 MB.
Total: 12.178000 ms (FindLiveObjects: 1.072400 ms CreateObjectMapping: 0.708800 ms MarkObjects: 6.754500 ms  DeleteObjects: 3.639700 ms)

========================================================================
Received Import Request.
  Time since last request: 169133.659302 seconds.
  path: Assets/FramesAnimation/2D Game Item Sprite Strip-no-bg-preview (carve.photos).png
  artifactKey: Guid(5d720693cbfaa8e4cb2399fe083ef92d) Importer(815301076,1909f56bfc062723c751e8b465ee728b)
Start importing Assets/FramesAnimation/2D Game Item Sprite Strip-no-bg-preview (carve.photos).png using Guid(5d720693cbfaa8e4cb2399fe083ef92d) Importer(815301076,1909f56bfc062723c751e8b465ee728b) (PreviewImporter) -> (artifact id: 'a658d3d2d9c80222b8a6b3a862924020') in 0.2057469 seconds
Number of updated asset objects reloaded before import = 0Number of asset objects unloaded after import = 10

========================================================================
Received Import Request.
  Time since last request: 0.692521 seconds.
  path: Assets/FramesAnimation/2D Game Item Sprite Strip-no-bg-preview (carve.photos).png
  artifactKey: Guid(5d720693cbfaa8e4cb2399fe083ef92d) Importer(2089858483,b0f066a214c2f5e87bad3c948f4d605d)
Start importing Assets/FramesAnimation/2D Game Item Sprite Strip-no-bg-preview (carve.photos).png using Guid(5d720693cbfaa8e4cb2399fe083ef92d) Importer(2089858483,b0f066a214c2f5e87bad3c948f4d605d) (ScriptedImporter) -> (artifact id: '6fe9d5ec04068164b877acd267453918') in 0.2943095 seconds
Number of updated asset objects reloaded before import = 0Number of asset objects unloaded after import = 10

========================================================================
Received Import Request.
  Time since last request: 18.231278 seconds.
  path: Assets/FramesAnimation/2D Game Item Sprite Strip-no-bg-preview (carve.photos).png
  artifactKey: Guid(5d720693cbfaa8e4cb2399fe083ef92d) Importer(815301076,1909f56bfc062723c751e8b465ee728b)
Start importing Assets/FramesAnimation/2D Game Item Sprite Strip-no-bg-preview (carve.photos).png using Guid(5d720693cbfaa8e4cb2399fe083ef92d) Importer(815301076,1909f56bfc062723c751e8b465ee728b) (PreviewImporter) -> (artifact id: 'dc6556c20b86927e644fbde7df6d537c') in 0.0802141 seconds
Number of updated asset objects reloaded before import = 0Number of asset objects unloaded after import = 10

========================================================================
Received Import Request.
  Time since last request: 0.799555 seconds.
  path: Assets/FramesAnimation/2D Game Item Sprite Strip-no-bg-preview (carve.photos).png
  artifactKey: Guid(5d720693cbfaa8e4cb2399fe083ef92d) Importer(2089858483,b0f066a214c2f5e87bad3c948f4d605d)
Start importing Assets/FramesAnimation/2D Game Item Sprite Strip-no-bg-preview (carve.photos).png using Guid(5d720693cbfaa8e4cb2399fe083ef92d) Importer(2089858483,b0f066a214c2f5e87bad3c948f4d605d) (ScriptedImporter) -> (artifact id: 'a62d6364014457186e04852d539b929e') in 0.039945 seconds
Number of updated asset objects reloaded before import = 0Number of asset objects unloaded after import = 10

========================================================================
Received Import Request.
  Time since last request: 26.826839 seconds.
  path: Assets/FramesAnimation/2D Game Item Sprite Strip-no-bg-preview (carve.photos).png
  artifactKey: Guid(5d720693cbfaa8e4cb2399fe083ef92d) Importer(815301076,1909f56bfc062723c751e8b465ee728b)
Start importing Assets/FramesAnimation/2D Game Item Sprite Strip-no-bg-preview (carve.photos).png using Guid(5d720693cbfaa8e4cb2399fe083ef92d) Importer(815301076,1909f56bfc062723c751e8b465ee728b) (PreviewImporter) -> (artifact id: '0eac37b5e0a8f361ca967ce0c8105ae1') in 0.0521193 seconds
Number of updated asset objects reloaded before import = 0Number of asset objects unloaded after import = 6

========================================================================
Received Import Request.
  Time since last request: 0.599479 seconds.
  path: Assets/FramesAnimation/2D Game Item Sprite Strip-no-bg-preview (carve.photos).png
  artifactKey: Guid(5d720693cbfaa8e4cb2399fe083ef92d) Importer(2089858483,b0f066a214c2f5e87bad3c948f4d605d)
Start importing Assets/FramesAnimation/2D Game Item Sprite Strip-no-bg-preview (carve.photos).png using Guid(5d720693cbfaa8e4cb2399fe083ef92d) Importer(2089858483,b0f066a214c2f5e87bad3c948f4d605d) (ScriptedImporter) -> (artifact id: '379290e7c007e0b150adb7a3d8424b92') in 0.0376303 seconds
Number of updated asset objects reloaded before import = 0Number of asset objects unloaded after import = 6

========================================================================
Received Import Request.
  Time since last request: 322.595216 seconds.
  path: Assets/FramesAnimation/6-Frame Satisfied Idle Sprite (1)-no-bg-preview (carve.photos).png
  artifactKey: Guid(20939666a5875b44785d85b03eca9141) Importer(815301076,1909f56bfc062723c751e8b465ee728b)
Start importing Assets/FramesAnimation/6-Frame Satisfied Idle Sprite (1)-no-bg-preview (carve.photos).png using Guid(20939666a5875b44785d85b03eca9141) Importer(815301076,1909f56bfc062723c751e8b465ee728b) (PreviewImporter) -> (artifact id: '53d0683b4b832546b99e8fc2e71b7613') in 0.0519249 seconds
Number of updated asset objects reloaded before import = 0Number of asset objects unloaded after import = 7

========================================================================
Received Import Request.
  Time since last request: 0.835109 seconds.
  path: Assets/FramesAnimation/6-Frame Satisfied Idle Sprite (1)-no-bg-preview (carve.photos).png
  artifactKey: Guid(20939666a5875b44785d85b03eca9141) Importer(2089858483,b0f066a214c2f5e87bad3c948f4d605d)
Start importing Assets/FramesAnimation/6-Frame Satisfied Idle Sprite (1)-no-bg-preview (carve.photos).png using Guid(20939666a5875b44785d85b03eca9141) Importer(2089858483,b0f066a214c2f5e87bad3c948f4d605d) (ScriptedImporter) -> (artifact id: 'fddc04935b7ea95b67acb5eca3053577') in 0.0594561 seconds
Number of updated asset objects reloaded before import = 0Number of asset objects unloaded after import = 7

========================================================================
Received Import Request.
  Time since last request: 50.948721 seconds.
  path: Assets/FramesAnimation/6-Frame Satisfied Idle (Flat Stomach)-no-bg-preview (carve.photos).png
  artifactKey: Guid(679a3148fa431374a93298cc14947dc0) Importer(815301076,1909f56bfc062723c751e8b465ee728b)
Start importing Assets/FramesAnimation/6-Frame Satisfied Idle (Flat Stomach)-no-bg-preview (carve.photos).png using Guid(679a3148fa431374a93298cc14947dc0) Importer(815301076,1909f56bfc062723c751e8b465ee728b) (PreviewImporter) -> (artifact id: 'c4cb7c559000fbfec42247a65b87457c') in 0.0547082 seconds
Number of updated asset objects reloaded before import = 0Number of asset objects unloaded after import = 7

========================================================================
Received Import Request.
  Time since last request: 0.820112 seconds.
  path: Assets/FramesAnimation/6-Frame Satisfied Idle (Flat Stomach)-no-bg-preview (carve.photos).png
  artifactKey: Guid(679a3148fa431374a93298cc14947dc0) Importer(2089858483,b0f066a214c2f5e87bad3c948f4d605d)
Start importing Assets/FramesAnimation/6-Frame Satisfied Idle (Flat Stomach)-no-bg-preview (carve.photos).png using Guid(679a3148fa431374a93298cc14947dc0) Importer(2089858483,b0f066a214c2f5e87bad3c948f4d605d) (ScriptedImporter) -> (artifact id: 'a658f95005cea2203445b9b28a89f74a') in 0.0736345 seconds
Number of updated asset objects reloaded before import = 0Number of asset objects unloaded after import = 7

========================================================================
Received Import Request.
  Time since last request: 9387.645711 seconds.
  path: Assets/FramesAnimation/6-Frame Satisfied Idle (Flat Stomach)-no-bg-preview (carve.photos).png
  artifactKey: Guid(679a3148fa431374a93298cc14947dc0) Importer(815301076,1909f56bfc062723c751e8b465ee728b)
Start importing Assets/FramesAnimation/6-Frame Satisfied Idle (Flat Stomach)-no-bg-preview (carve.photos).png using Guid(679a3148fa431374a93298cc14947dc0) Importer(815301076,1909f56bfc062723c751e8b465ee728b) (PreviewImporter) -> (artifact id: '55ca33df2c85112f6fb7461a4aaeca09') in 0.1302432 seconds
Number of updated asset objects reloaded before import = 0Number of asset objects unloaded after import = 7

========================================================================
Received Import Request.
  Time since last request: 0.678848 seconds.
  path: Assets/FramesAnimation/6-Frame Satisfied Idle (Flat Stomach)-no-bg-preview (carve.photos).png
  artifactKey: Guid(679a3148fa431374a93298cc14947dc0) Importer(2089858483,b0f066a214c2f5e87bad3c948f4d605d)
Start importing Assets/FramesAnimation/6-Frame Satisfied Idle (Flat Stomach)-no-bg-preview (carve.photos).png using Guid(679a3148fa431374a93298cc14947dc0) Importer(2089858483,b0f066a214c2f5e87bad3c948f4d605d) (ScriptedImporter) -> (artifact id: 'c560c57ec4af06aca2e2755a57a9b785') in 0.0579827 seconds
Number of updated asset objects reloaded before import = 0Number of asset objects unloaded after import = 7

========================================================================
Received Import Request.
  Time since last request: 24.034558 seconds.
  path: Assets/FramesAnimation/6-Frame Satisfied Idle (Flat Stomach)-no-bg-preview (carve.photos).png
  artifactKey: Guid(679a3148fa431374a93298cc14947dc0) Importer(815301076,1909f56bfc062723c751e8b465ee728b)
Start importing Assets/FramesAnimation/6-Frame Satisfied Idle (Flat Stomach)-no-bg-preview (carve.photos).png using Guid(679a3148fa431374a93298cc14947dc0) Importer(815301076,1909f56bfc062723c751e8b465ee728b) (PreviewImporter) -> (artifact id: 'c5c75457362cdce795a4e7b6de3e490b') in 0.0487572 seconds
Number of updated asset objects reloaded before import = 0Number of asset objects unloaded after import = 5

========================================================================
Received Import Request.
  Time since last request: 0.712040 seconds.
  path: Assets/FramesAnimation/6-Frame Satisfied Idle (Flat Stomach)-no-bg-preview (carve.photos).png
  artifactKey: Guid(679a3148fa431374a93298cc14947dc0) Importer(2089858483,b0f066a214c2f5e87bad3c948f4d605d)
Start importing Assets/FramesAnimation/6-Frame Satisfied Idle (Flat Stomach)-no-bg-preview (carve.photos).png using Guid(679a3148fa431374a93298cc14947dc0) Importer(2089858483,b0f066a214c2f5e87bad3c948f4d605d) (ScriptedImporter) -> (artifact id: '10be4183ac0ab09f064af19426bcbd14') in 0.056532 seconds
Number of updated asset objects reloaded before import = 0Number of asset objects unloaded after import = 5

========================================================================
Received Import Request.
  Time since last request: 9.449868 seconds.
  path: Assets/FramesAnimation/6-Frame Satisfied Idle Sprite (1)-no-bg-preview (carve.photos).png
  artifactKey: Guid(20939666a5875b44785d85b03eca9141) Importer(815301076,1909f56bfc062723c751e8b465ee728b)
Start importing Assets/FramesAnimation/6-Frame Satisfied Idle Sprite (1)-no-bg-preview (carve.photos).png using Guid(20939666a5875b44785d85b03eca9141) Importer(815301076,1909f56bfc062723c751e8b465ee728b) (PreviewImporter) -> (artifact id: 'e98a216e4a577a2f7664a6bea300af3c') in 0.0413638 seconds
Number of updated asset objects reloaded before import = 0Number of asset objects unloaded after import = 7

========================================================================
Received Import Request.
  Time since last request: 0.903893 seconds.
  path: Assets/FramesAnimation/6-Frame Satisfied Idle Sprite (1)-no-bg-preview (carve.photos).png
  artifactKey: Guid(20939666a5875b44785d85b03eca9141) Importer(2089858483,b0f066a214c2f5e87bad3c948f4d605d)
Start importing Assets/FramesAnimation/6-Frame Satisfied Idle Sprite (1)-no-bg-preview (carve.photos).png using Guid(20939666a5875b44785d85b03eca9141) Importer(2089858483,b0f066a214c2f5e87bad3c948f4d605d) (ScriptedImporter) -> (artifact id: 'a1819a5cf15aa993a85afc674e5cc583') in 0.0511698 seconds
Number of updated asset objects reloaded before import = 0Number of asset objects unloaded after import = 7

========================================================================
Received Import Request.
  Time since last request: 19.428526 seconds.
  path: Assets/FramesAnimation/6-Frame Satisfied Idle Sprite (1)-no-bg-preview (carve.photos).png
  artifactKey: Guid(20939666a5875b44785d85b03eca9141) Importer(815301076,1909f56bfc062723c751e8b465ee728b)
Start importing Assets/FramesAnimation/6-Frame Satisfied Idle Sprite (1)-no-bg-preview (carve.photos).png using Guid(20939666a5875b44785d85b03eca9141) Importer(815301076,1909f56bfc062723c751e8b465ee728b) (PreviewImporter) -> (artifact id: 'c30907612ee0d243d07743db27bf13b7') in 0.045041 seconds
Number of updated asset objects reloaded before import = 0Number of asset objects unloaded after import = 4

========================================================================
Received Import Request.
  Time since last request: 0.678174 seconds.
  path: Assets/FramesAnimation/6-Frame Satisfied Idle Sprite (1)-no-bg-preview (carve.photos).png
  artifactKey: Guid(20939666a5875b44785d85b03eca9141) Importer(2089858483,b0f066a214c2f5e87bad3c948f4d605d)
Start importing Assets/FramesAnimation/6-Frame Satisfied Idle Sprite (1)-no-bg-preview (carve.photos).png using Guid(20939666a5875b44785d85b03eca9141) Importer(2089858483,b0f066a214c2f5e87bad3c948f4d605d) (ScriptedImporter) -> (artifact id: '32f9e1bb3004a84ee9295723ad5667e5') in 0.0515919 seconds
Number of updated asset objects reloaded before import = 0Number of asset objects unloaded after import = 4

========================================================================
Received Import Request.
  Time since last request: 17.811028 seconds.
  path: Assets/FramesAnimation/EatFood.anim
  artifactKey: Guid(8b6f8d754bdf9c54a99f7a4588ca395a) Importer(2089858483,b0f066a214c2f5e87bad3c948f4d605d)
Start importing Assets/FramesAnimation/EatFood.anim using Guid(8b6f8d754bdf9c54a99f7a4588ca395a) Importer(2089858483,b0f066a214c2f5e87bad3c948f4d605d) (ScriptedImporter) -> (artifact id: '8659d6627512d3412552994315842d89') in 0.0316794 seconds
Number of updated asset objects reloaded before import = 0Number of asset objects unloaded after import = 1

========================================================================
Received Prepare
Begin MonoManager ReloadAssembly
[Licensing::Client] Successfully resolved entitlement details
[Licensing::Module] License group:
  Id: F4-6PKJ-G6KW-M64E-RF3W-XXXX
  Product: Unity Personal
  Type: ULF
  Expiration: Unlimited
[Licensing::Module] License group:
  Id: 10171553415263-UnityPersXXXX
  Product: Unity Personal
  Type: Assigned
  Expiration: Unlimited
- Loaded All Assemblies, in  5.511 seconds
Refreshing native plugins compatible for Editor in 3.01 ms, found 4 plugins.
Native extension for AppleTV target not found
Native extension for iOS target not found
Native extension for Android target not found
Native extension for UWP target not found
Native extension for WindowsStandalone target not found
Failed to load: D:/UnityHubing/6000.3.11f1/Editor/Data/PlaybackEngines/VisionOSPlayer\x64\UnityEditor.VisionOS.Native.dll
Native extension for VisionOS target not found
Native extension for WebGL target not found
[Package Manager] Failed to launch server process. Reason: Unity was launched with the -noUpm command-line argument
[Package Manager] Unable to send message (not connected to server process).
[Package Manager] Cannot connect to Unity Package Manager local server
[Package Manager] Failed to launch server process. Reason: Unity was launched with the -noUpm command-line argument
[Package Manager] Unable to send message (not connected to server process).
[Package Manager] Cannot connect to Unity Package Manager local server
ScheduleIndexationOnStartup MainProcess:False IndexOnStartup:True
Mono: successfully reloaded assembly
- Finished resetting the current domain, in  1.225 seconds
Domain Reload Profiling: 6750ms
	BeginReloadAssembly (1791ms)
		ExecutionOrderSort (2ms)
		DisableScriptedObjects (258ms)
		BackupInstance (0ms)
		ReleaseScriptingObjects (3ms)
		CreateAndSetChildDomain (489ms)
	RebuildCommonClasses (260ms)
	RebuildNativeTypeToScriptingClass (22ms)
	initialDomainReloadingComplete (57ms)
	LoadAllAssembliesAndSetupDomain (3393ms)
		LoadAssemblies (3457ms)
		RebuildTransferFunctionScriptingTraits (0ms)
		AnalyzeDomain (631ms)
			TypeCache.Refresh (35ms)
				TypeCache.ScanAssembly (0ms)
			BuildScriptInfoCaches (561ms)
			ResolveRequiredComponents (20ms)
	FinalizeReload (1226ms)
		ReleaseScriptCaches (0ms)
		RebuildScriptCaches (0ms)
		SetupLoadedEditorAssemblies (955ms)
			LogAssemblyErrors (0ms)
			InitializePlatformSupportModulesInManaged (57ms)
			SetLoadedEditorAssemblies (12ms)
			BeforeProcessingInitializeOnLoad (248ms)
			ProcessInitializeOnLoadAttributes (512ms)
			ProcessInitializeOnLoadMethodAttributes (122ms)
			AfterProcessingInitializeOnLoad (3ms)
			EditorAssembliesLoaded (1ms)
		ExecutionOrderSort2 (0ms)
		AwakeInstancesAfterBackupRestoration (23ms)
Refreshing native plugins compatible for Editor in 3.18 ms, found 4 plugins.
Preloading 0 native plugins for Editor in 0.00 ms.
Unloading 16 Unused Serialized files (Serialized files now loaded: 0)
Unloading 6914 unused Assets / (4.6 MB). Loaded Objects now: 7801.
Memory consumption went from 154.8 MB to 150.2 MB.
Total: 24.726900 ms (FindLiveObjects: 1.797000 ms CreateObjectMapping: 2.749300 ms MarkObjects: 12.940200 ms  DeleteObjects: 7.238200 ms)

Prepare: number of updated asset objects reloaded= 0
========================================================================
Received Prepare
Begin MonoManager ReloadAssembly
[Licensing::Client] Successfully resolved entitlement details
[Licensing::Module] License group:
  Id: F4-6PKJ-G6KW-M64E-RF3W-XXXX
  Product: Unity Personal
  Type: ULF
  Expiration: Unlimited
[Licensing::Module] License group:
  Id: 10171553415263-UnityPersXXXX
  Product: Unity Personal
  Type: Assigned
  Expiration: Unlimited
- Loaded All Assemblies, in  1.042 seconds
Refreshing native plugins compatible for Editor in 1.83 ms, found 4 plugins.
Native extension for AppleTV target not found
Native extension for iOS target not found
Native extension for Android target not found
Native extension for UWP target not found
Native extension for WindowsStandalone target not found
Failed to load: D:/UnityHubing/6000.3.11f1/Editor/Data/PlaybackEngines/VisionOSPlayer\x64\UnityEditor.VisionOS.Native.dll
Native extension for VisionOS target not found
Native extension for WebGL target not found
[Package Manager] Failed to launch server process. Reason: Unity was launched with the -noUpm command-line argument
[Package Manager] Unable to send message (not connected to server process).
[Package Manager] Cannot connect to Unity Package Manager local server
[Package Manager] Failed to launch server process. Reason: Unity was launched with the -noUpm command-line argument
[Package Manager] Unable to send message (not connected to server process).
[Package Manager] Cannot connect to Unity Package Manager local server
ScheduleIndexationOnStartup MainProcess:False IndexOnStartup:True
Mono: successfully reloaded assembly
- Finished resetting the current domain, in  1.075 seconds
Domain Reload Profiling: 2119ms
	BeginReloadAssembly (294ms)
		ExecutionOrderSort (0ms)
		DisableScriptedObjects (25ms)
		BackupInstance (0ms)
		ReleaseScriptingObjects (0ms)
		CreateAndSetChildDomain (55ms)
	RebuildCommonClasses (44ms)
	RebuildNativeTypeToScriptingClass (17ms)
	initialDomainReloadingComplete (34ms)
	LoadAllAssembliesAndSetupDomain (654ms)
		LoadAssemblies (522ms)
		RebuildTransferFunctionScriptingTraits (0ms)
		AnalyzeDomain (282ms)
			TypeCache.Refresh (13ms)
				TypeCache.ScanAssembly (0ms)
			BuildScriptInfoCaches (252ms)
			ResolveRequiredComponents (12ms)
	FinalizeReload (1075ms)
		ReleaseScriptCaches (0ms)
		RebuildScriptCaches (0ms)
		SetupLoadedEditorAssemblies (853ms)
			LogAssemblyErrors (0ms)
			InitializePlatformSupportModulesInManaged (35ms)
			SetLoadedEditorAssemblies (7ms)
			BeforeProcessingInitializeOnLoad (184ms)
			ProcessInitializeOnLoadAttributes (501ms)
			ProcessInitializeOnLoadMethodAttributes (124ms)
			AfterProcessingInitializeOnLoad (3ms)
			EditorAssembliesLoaded (0ms)
		ExecutionOrderSort2 (0ms)
		AwakeInstancesAfterBackupRestoration (25ms)
Refreshing native plugins compatible for Editor in 2.17 ms, found 4 plugins.
Preloading 0 native plugins for Editor in 0.00 ms.
Unloading 16 Unused Serialized files (Serialized files now loaded: 0)
Unloading 6914 unused Assets / (4.0 MB). Loaded Objects now: 7804.
Memory consumption went from 156.7 MB to 152.7 MB.
Total: 16.740600 ms (FindLiveObjects: 1.136400 ms CreateObjectMapping: 1.711800 ms MarkObjects: 8.545800 ms  DeleteObjects: 5.344300 ms)

Prepare: number of updated asset objects reloaded= 0
========================================================================
Received Import Request.
  Time since last request: 35168.527834 seconds.
  path: Assets/FramesAnimation/PunkSprite/6-Frame Satisfied Idle Sprite (1)-no-bg-preview (carve.photos).png
  artifactKey: Guid(20939666a5875b44785d85b03eca9141) Importer(2089858483,b0f066a214c2f5e87bad3c948f4d605d)
Start importing Assets/FramesAnimation/PunkSprite/6-Frame Satisfied Idle Sprite (1)-no-bg-preview (carve.photos).png using Guid(20939666a5875b44785d85b03eca9141) Importer(2089858483,b0f066a214c2f5e87bad3c948f4d605d) (ScriptedImporter) -> (artifact id: '0cf363973cd1a42af9b361a846d24e99') in 0.3055791 seconds
Number of updated asset objects reloaded before import = 0Number of asset objects unloaded after import = 4

========================================================================
Received Prepare
Refreshing native plugins compatible for Editor in 3.57 ms, found 4 plugins.
Preloading 0 native plugins for Editor in 0.00 ms.
Unloading 16 Unused Serialized files (Serialized files now loaded: 0)
Unloading 6905 unused Assets / (4.1 MB). Loaded Objects now: 7805.
Memory consumption went from 157.1 MB to 153.0 MB.
Total: 17.096900 ms (FindLiveObjects: 1.430900 ms CreateObjectMapping: 1.584500 ms MarkObjects: 9.645700 ms  DeleteObjects: 4.433800 ms)

Prepare: number of updated asset objects reloaded= 0
========================================================================
Received Import Request.
  Time since last request: 14.511415 seconds.
  path: Assets/Scripts/SpawnerScript.cs
  artifactKey: Guid(0b6ece1f7baf6b14cb7f4ce414d92a79) Importer(2089858483,b0f066a214c2f5e87bad3c948f4d605d)
Start importing Assets/Scripts/SpawnerScript.cs using Guid(0b6ece1f7baf6b14cb7f4ce414d92a79) Importer(2089858483,b0f066a214c2f5e87bad3c948f4d605d) (ScriptedImporter) -> (artifact id: '105fbbd45931029e8f7f21b9f1c8dbdb') in 0.0211995 seconds
Number of updated asset objects reloaded before import = 0Number of asset objects unloaded after import = 0

========================================================================
Received Import Request.
  Time since last request: 0.000023 seconds.
  path: Assets/Scripts/SpawnerScript.cs
  artifactKey: Guid(0b6ece1f7baf6b14cb7f4ce414d92a79) Importer(815301076,1909f56bfc062723c751e8b465ee728b)
Start importing Assets/Scripts/SpawnerScript.cs using Guid(0b6ece1f7baf6b14cb7f4ce414d92a79) Importer(815301076,1909f56bfc062723c751e8b465ee728b) (PreviewImporter) -> (artifact id: '50ff7c637a28a4d933dcc9b470a8de58') in 0.000968 seconds
Number of updated asset objects reloaded before import = 0Number of asset objects unloaded after import = 0

========================================================================
Received Prepare
Begin MonoManager ReloadAssembly
[Licensing::Client] Successfully resolved entitlement details
[Licensing::Module] License group:
  Id: F4-6PKJ-G6KW-M64E-RF3W-XXXX
  Product: Unity Personal
  Type: ULF
  Expiration: Unlimited
[Licensing::Module] License group:
  Id: 10171553415263-UnityPersXXXX
  Product: Unity Personal
  Type: Assigned
  Expiration: Unlimited
- Loaded All Assemblies, in  1.207 seconds
Refreshing native plugins compatible for Editor in 2.23 ms, found 4 plugins.
Native extension for AppleTV target not found
Native extension for iOS target not found
Native extension for Android target not found
Native extension for UWP target not found
Native extension for WindowsStandalone target not found
Failed to load: D:/UnityHubing/6000.3.11f1/Editor/Data/PlaybackEngines/VisionOSPlayer\x64\UnityEditor.VisionOS.Native.dll
Native extension for VisionOS target not found
Native extension for WebGL target not found
[Package Manager] Failed to launch server process. Reason: Unity was launched with the -noUpm command-line argument
[Package Manager] Unable to send message (not connected to server process).
[Package Manager] Cannot connect to Unity Package Manager local server
[Package Manager] Failed to launch server process. Reason: Unity was launched with the -noUpm command-line argument
[Package Manager] Unable to send message (not connected to server process).
[Package Manager] Cannot connect to Unity Package Manager local server
ScheduleIndexationOnStartup MainProcess:False IndexOnStartup:True
Mono: successfully reloaded assembly
- Finished resetting the current domain, in  1.110 seconds
Domain Reload Profiling: 2320ms
	BeginReloadAssembly (342ms)
		ExecutionOrderSort (0ms)
		DisableScriptedObjects (22ms)
		BackupInstance (0ms)
		ReleaseScriptingObjects (0ms)
		CreateAndSetChildDomain (65ms)
	RebuildCommonClasses (64ms)
	RebuildNativeTypeToScriptingClass (22ms)
	initialDomainReloadingComplete (38ms)
	LoadAllAssembliesAndSetupDomain (743ms)
		LoadAssemblies (599ms)
		RebuildTransferFunctionScriptingTraits (0ms)
		AnalyzeDomain (332ms)
			TypeCache.Refresh (19ms)
				TypeCache.ScanAssembly (0ms)
			BuildScriptInfoCaches (295ms)
			ResolveRequiredComponents (15ms)
	FinalizeReload (1111ms)
		ReleaseScriptCaches (0ms)
		RebuildScriptCaches (0ms)
		SetupLoadedEditorAssemblies (845ms)
			LogAssemblyErrors (0ms)
			InitializePlatformSupportModulesInManaged (40ms)
			SetLoadedEditorAssemblies (9ms)
			BeforeProcessingInitializeOnLoad (228ms)
			ProcessInitializeOnLoadAttributes (423ms)
			ProcessInitializeOnLoadMethodAttributes (141ms)
			AfterProcessingInitializeOnLoad (4ms)
			EditorAssembliesLoaded (1ms)
		ExecutionOrderSort2 (0ms)
		AwakeInstancesAfterBackupRestoration (28ms)
Refreshing native plugins compatible for Editor in 2.84 ms, found 4 plugins.
Preloading 0 native plugins for Editor in 0.00 ms.
Unloading 16 Unused Serialized files (Serialized files now loaded: 0)
Unloading 6915 unused Assets / (4.7 MB). Loaded Objects now: 7808.
Memory consumption went from 156.8 MB to 152.1 MB.
Total: 18.328000 ms (FindLiveObjects: 1.202500 ms CreateObjectMapping: 0.923400 ms MarkObjects: 10.996800 ms  DeleteObjects: 5.202800 ms)

Prepare: number of updated asset objects reloaded= 0
========================================================================
Received Import Request.
  Time since last request: 1073.984244 seconds.
  path: Assets/Scripts/SpawnerScript.cs
  artifactKey: Guid(0b6ece1f7baf6b14cb7f4ce414d92a79) Importer(815301076,1909f56bfc062723c751e8b465ee728b)
Start importing Assets/Scripts/SpawnerScript.cs using Guid(0b6ece1f7baf6b14cb7f4ce414d92a79) Importer(815301076,1909f56bfc062723c751e8b465ee728b) (PreviewImporter) -> (artifact id: '0cccc1830abf6692bed89d0c752b84a0') in 0.0046018 seconds
Number of updated asset objects reloaded before import = 0Number of asset objects unloaded after import = 0

========================================================================
Received Import Request.
  Time since last request: 15.419259 seconds.
  path: Assets/FramesAnimation/Dynamic Rat Idle Sprite Sheet V2-no-bg-preview (carve.photos).png
  artifactKey: Guid(ef5ced722a3acba499205c85a8ff94ea) Importer(815301076,1909f56bfc062723c751e8b465ee728b)
Start importing Assets/FramesAnimation/Dynamic Rat Idle Sprite Sheet V2-no-bg-preview (carve.photos).png using Guid(ef5ced722a3acba499205c85a8ff94ea) Importer(815301076,1909f56bfc062723c751e8b465ee728b) (PreviewImporter) -> (artifact id: '71351b7b3e674e3461c8f558874d0e64') in 0.2389492 seconds
Number of updated asset objects reloaded before import = 0Number of asset objects unloaded after import = 7

========================================================================
Received Import Request.
  Time since last request: 313.762363 seconds.
  path: Assets/FramesAnimation/Dynamic Rat Idle Sprite Sheet V2-no-bg-preview (carve.photos).png
  artifactKey: Guid(ef5ced722a3acba499205c85a8ff94ea) Importer(815301076,1909f56bfc062723c751e8b465ee728b)
Start importing Assets/FramesAnimation/Dynamic Rat Idle Sprite Sheet V2-no-bg-preview (carve.photos).png using Guid(ef5ced722a3acba499205c85a8ff94ea) Importer(815301076,1909f56bfc062723c751e8b465ee728b) (PreviewImporter) -> (artifact id: '9dce7f5c6ca5cd5c65704addfa3d0a7e') in 0.0633804 seconds
Number of updated asset objects reloaded before import = 0Number of asset objects unloaded after import = 7

========================================================================
Received Import Request.
  Time since last request: 7.742266 seconds.
  path: Assets/FramesAnimation/Dynamic Rat Idle Sprite Sheet V2-edited-free (carve.photos) (1).png
  artifactKey: Guid(1b54699b27143cd44910e889447182e0) Importer(815301076,1909f56bfc062723c751e8b465ee728b)
Start importing Assets/FramesAnimation/Dynamic Rat Idle Sprite Sheet V2-edited-free (carve.photos) (1).png using Guid(1b54699b27143cd44910e889447182e0) Importer(815301076,1909f56bfc062723c751e8b465ee728b) (PreviewImporter) -> (artifact id: 'dccd6df8422db356597a410558094a54') in 0.0613364 seconds
Number of updated asset objects reloaded before import = 0Number of asset objects unloaded after import = 7

========================================================================
Received Import Request.
  Time since last request: 15.235792 seconds.
  path: Assets/FramesAnimation/Dynamic Rat Idle Sprite Sheet V2-edited-free (carve.photos) (1).png
  artifactKey: Guid(1b54699b27143cd44910e889447182e0) Importer(815301076,1909f56bfc062723c751e8b465ee728b)
Start importing Assets/FramesAnimation/Dynamic Rat Idle Sprite Sheet V2-edited-free (carve.photos) (1).png using Guid(1b54699b27143cd44910e889447182e0) Importer(815301076,1909f56bfc062723c751e8b465ee728b) (PreviewImporter) -> (artifact id: 'ce8514e5e967670298994d53c79b1233') in 0.0495326 seconds
Number of updated asset objects reloaded before import = 0Number of asset objects unloaded after import = 7

========================================================================
Received Import Request.
  Time since last request: 26.218581 seconds.
  path: Assets/FramesAnimation/Dynamic Rat Idle Sprite Sheet V2-edited-free (carve.photos) (1).png
  artifactKey: Guid(1b54699b27143cd44910e889447182e0) Importer(815301076,1909f56bfc062723c751e8b465ee728b)
Start importing Assets/FramesAnimation/Dynamic Rat Idle Sprite Sheet V2-edited-free (carve.photos) (1).png using Guid(1b54699b27143cd44910e889447182e0) Importer(815301076,1909f56bfc062723c751e8b465ee728b) (PreviewImporter) -> (artifact id: 'd73fc8217d1d29390ee9d9ab27ae1066') in 0.0637318 seconds
Number of updated asset objects reloaded before import = 0Number of asset objects unloaded after import = 7

========================================================================
Received Import Request.
  Time since last request: 1398.875756 seconds.
  path: Assets/FramesAnimation/Dynamic Rat Idle Sprite Sheet V2-edited-free (carve.photos) (2).png
  artifactKey: Guid(4c5d2e6635f73f44d8645ebf2265a6da) Importer(815301076,1909f56bfc062723c751e8b465ee728b)
Start importing Assets/FramesAnimation/Dynamic Rat Idle Sprite Sheet V2-edited-free (carve.photos) (2).png using Guid(4c5d2e6635f73f44d8645ebf2265a6da) Importer(815301076,1909f56bfc062723c751e8b465ee728b) (PreviewImporter) -> (artifact id: '8a586b735d73c85e59152e02de722285') in 0.0592008 seconds
Number of updated asset objects reloaded before import = 0Number of asset objects unloaded after import = 7

========================================================================
Received Import Request.
  Time since last request: 31.197461 seconds.
  path: Assets/FramesAnimation/Dynamic Rat Idle Sprite Sheet V2-edited-free (carve.photos) (2).png
  artifactKey: Guid(4c5d2e6635f73f44d8645ebf2265a6da) Importer(815301076,1909f56bfc062723c751e8b465ee728b)
Start importing Assets/FramesAnimation/Dynamic Rat Idle Sprite Sheet V2-edited-free (carve.photos) (2).png using Guid(4c5d2e6635f73f44d8645ebf2265a6da) Importer(815301076,1909f56bfc062723c751e8b465ee728b) (PreviewImporter) -> (artifact id: '72165ee087d2c76f9c4d852c58b03933') in 0.0317008 seconds
Number of updated asset objects reloaded before import = 0Number of asset objects unloaded after import = 7

========================================================================
Received Import Request.
  Time since last request: 21.425218 seconds.
  path: Assets/FramesAnimation/Dynamic Rat Idle Sprite Sheet V2-edited-free (carve.photos) (2).png
  artifactKey: Guid(4c5d2e6635f73f44d8645ebf2265a6da) Importer(815301076,1909f56bfc062723c751e8b465ee728b)
Start importing Assets/FramesAnimation/Dynamic Rat Idle Sprite Sheet V2-edited-free (carve.photos) (2).png using Guid(4c5d2e6635f73f44d8645ebf2265a6da) Importer(815301076,1909f56bfc062723c751e8b465ee728b) (PreviewImporter) -> (artifact id: 'e86f4f8f5bc77e05e4bfc670d0d63c6b') in 0.0339046 seconds
Number of updated asset objects reloaded before import = 0Number of asset objects unloaded after import = 7

========================================================================
Received Import Request.
  Time since last request: 259.188745 seconds.
  path: Assets/Scripts/SpawnerScript.cs
  artifactKey: Guid(0b6ece1f7baf6b14cb7f4ce414d92a79) Importer(2089858483,b0f066a214c2f5e87bad3c948f4d605d)
Start importing Assets/Scripts/SpawnerScript.cs using Guid(0b6ece1f7baf6b14cb7f4ce414d92a79) Importer(2089858483,b0f066a214c2f5e87bad3c948f4d605d) (ScriptedImporter) -> (artifact id: '631916702ae75e725b46cb7d04805b7d') in 0.1032736 seconds
Number of updated asset objects reloaded before import = 0Number of asset objects unloaded after import = 0

========================================================================
Received Import Request.
  Time since last request: 0.000021 seconds.
  path: Assets/FramesAnimation/Rat.controller
  artifactKey: Guid(4d9d624d68c87604b8a650ba4bf7a78c) Importer(2089858483,b0f066a214c2f5e87bad3c948f4d605d)
Start importing Assets/FramesAnimation/Rat.controller using Guid(4d9d624d68c87604b8a650ba4bf7a78c) Importer(2089858483,b0f066a214c2f5e87bad3c948f4d605d) (ScriptedImporter) -> (artifact id: '360f6da6e1c31bbbf145c73b7f02f902') in 0.01603 seconds
Number of updated asset objects reloaded before import = 0Number of asset objects unloaded after import = 1

========================================================================
Received Import Request.
  Time since last request: 6.143851 seconds.
  path: Assets/FramesAnimation/Intoxication.anim
  artifactKey: Guid(21b76549937b1634198ca1d3c8f2f849) Importer(2089858483,b0f066a214c2f5e87bad3c948f4d605d)
Start importing Assets/FramesAnimation/Intoxication.anim using Guid(21b76549937b1634198ca1d3c8f2f849) Importer(2089858483,b0f066a214c2f5e87bad3c948f4d605d) (ScriptedImporter) -> (artifact id: '46d791206233cb9ec5a8394020b6ace7') in 0.0320131 seconds
Number of updated asset objects reloaded before import = 0Number of asset objects unloaded after import = 1

========================================================================
Received Import Request.
  Time since last request: 2.143461 seconds.
  path: Assets/FramesAnimation/Player.controller
  artifactKey: Guid(e49f1e545aa191a4a8cc2396c31777f4) Importer(2089858483,b0f066a214c2f5e87bad3c948f4d605d)
Start importing Assets/FramesAnimation/Player.controller using Guid(e49f1e545aa191a4a8cc2396c31777f4) Importer(2089858483,b0f066a214c2f5e87bad3c948f4d605d) (ScriptedImporter) -> (artifact id: '4dfd5ca6ff6c89482a9fdb41d60efdf1') in 0.0678793 seconds
Number of updated asset objects reloaded before import = 0Number of asset objects unloaded after import = 18

========================================================================
Received Import Request.
  Time since last request: 7.064975 seconds.
  path: Assets/Scenes/Full-Frame Punk City Background.png
  artifactKey: Guid(948fe30f4decdfd4b8a63a1a8625204f) Importer(2089858483,b0f066a214c2f5e87bad3c948f4d605d)
Start importing Assets/Scenes/Full-Frame Punk City Background.png using Guid(948fe30f4decdfd4b8a63a1a8625204f) Importer(2089858483,b0f066a214c2f5e87bad3c948f4d605d) (ScriptedImporter) -> (artifact id: '9f00bc1643b14998ac5bcfc839919c85') in 0.0792267 seconds
Number of updated asset objects reloaded before import = 0Number of asset objects unloaded after import = 3

========================================================================
Received Import Request.
  Time since last request: 15.294845 seconds.
  path: Assets/Prefabs
  artifactKey: Guid(37001650fd9b0e9418a2dfa340a0379c) Importer(815301076,1909f56bfc062723c751e8b465ee728b)
Start importing Assets/Prefabs using Guid(37001650fd9b0e9418a2dfa340a0379c) Importer(815301076,1909f56bfc062723c751e8b465ee728b) (PreviewImporter) -> (artifact id: 'a65799a6df9c5bb275f0c597c53db0f5') in 0.0005799 seconds
Number of updated asset objects reloaded before import = 0Number of asset objects unloaded after import = 0

========================================================================
Received Import Request.
  Time since last request: 0.914538 seconds.
  path: Assets/Prefabs
  artifactKey: Guid(37001650fd9b0e9418a2dfa340a0379c) Importer(2089858483,b0f066a214c2f5e87bad3c948f4d605d)
Start importing Assets/Prefabs using Guid(37001650fd9b0e9418a2dfa340a0379c) Importer(2089858483,b0f066a214c2f5e87bad3c948f4d605d) (ScriptedImporter) -> (artifact id: '9f5622cd4b20cf75544b4515ed8b01fe') in 0.0123977 seconds
Number of updated asset objects reloaded before import = 0Number of asset objects unloaded after import = 1

========================================================================
Received Import Request.
  Time since last request: 1.961097 seconds.
  path: Assets/Prefabs/PoliceOfficer.prefab
  artifactKey: Guid(6abd88cc878cb06499e9031eba722185) Importer(815301076,1909f56bfc062723c751e8b465ee728b)
Start importing Assets/Prefabs/PoliceOfficer.prefab using Guid(6abd88cc878cb06499e9031eba722185) Importer(815301076,1909f56bfc062723c751e8b465ee728b) (PreviewImporter)The Animator Controller (PoliceOfficer) you have used is not valid. Animations will not play
UnityEngine.Debug:ExtractStackTraceNoAlloc (byte*,int,string)
UnityEngine.StackTraceUtility:ExtractStackTrace ()
UnityEditor.EditorUtility:Internal_InstantiateRemoveAllNonAnimationComponentsSingle (UnityEngine.Object,UnityEngine.Vector3,UnityEngine.Quaternion)
UnityEditor.EditorUtility:InstantiateRemoveAllNonAnimationComponents (UnityEngine.Object,UnityEngine.Vector3,UnityEngine.Quaternion)
UnityEditor.EditorUtility:InstantiateForAnimatorPreview (UnityEngine.Object)
UnityEditor.GameObjectInspector/PreviewData:UpdateGameObject (UnityEngine.Object)
UnityEditor.GameObjectInspector/PreviewData:.ctor (UnityEngine.Object,bool)
UnityEditor.GameObjectInspector:GetPreviewData (bool)
UnityEditor.GameObjectInspector:RenderStaticPreview (string,UnityEngine.Object[],int,int)
UnityEditor.AssetPreviewUpdater:CreatePreview (UnityEngine.Object,UnityEngine.Object[],string,int,int)
UnityEditor.AssetPreviewUpdater:CreatePreviewForAsset (UnityEngine.Object,UnityEngine.Object[],string)

[C:\build\output\unity\unity\Modules\Animation\Director\AnimatorControllerPlayable.cpp line 332]

 -> (artifact id: '2ac6474e2cdaa4627b4757d5583039ba') in 0.5487165 seconds
Number of updated asset objects reloaded before import = 0Number of asset objects unloaded after import = 13

========================================================================
Received Import Request.
  Time since last request: 0.339423 seconds.
  path: Assets/Prefabs/PoliceOfficer.prefab
  artifactKey: Guid(6abd88cc878cb06499e9031eba722185) Importer(2089858483,b0f066a214c2f5e87bad3c948f4d605d)
Start importing Assets/Prefabs/PoliceOfficer.prefab using Guid(6abd88cc878cb06499e9031eba722185) Importer(2089858483,b0f066a214c2f5e87bad3c948f4d605d) (ScriptedImporter) -> (artifact id: 'dc1c56b20ba06197166207e0a68f3b4d') in 0.0667064 seconds
Number of updated asset objects reloaded before import = 0Number of asset objects unloaded after import = 12

========================================================================
Received Import Request.
  Time since last request: 84.556745 seconds.
  path: Assets/Без названия-no-bg-preview (carve.photos).png
  artifactKey: Guid(6296a540df3891144905d1b97ccafe77) Importer(815301076,1909f56bfc062723c751e8b465ee728b)
Start importing Assets/Без названия-no-bg-preview (carve.photos).png using Guid(6296a540df3891144905d1b97ccafe77) Importer(815301076,1909f56bfc062723c751e8b465ee728b) (PreviewImporter) -> (artifact id: '952a74b2282e07e15dcc65d53f56dc52') in 0.053981 seconds
Number of updated asset objects reloaded before import = 0Number of asset objects unloaded after import = 10

========================================================================
Received Import Request.
  Time since last request: 0.234891 seconds.
  path: Assets/Без названия-no-bg-preview (carve.photos).png
  artifactKey: Guid(6296a540df3891144905d1b97ccafe77) Importer(2089858483,b0f066a214c2f5e87bad3c948f4d605d)
Start importing Assets/Без названия-no-bg-preview (carve.photos).png using Guid(6296a540df3891144905d1b97ccafe77) Importer(2089858483,b0f066a214c2f5e87bad3c948f4d605d) (ScriptedImporter) -> (artifact id: '01da1ee8d508d3d5019490aa1afb38cf') in 0.0321624 seconds
Number of updated asset objects reloaded before import = 0Number of asset objects unloaded after import = 10

========================================================================
Received Import Request.
  Time since last request: 48.047589 seconds.
  path: Assets/Rat Hit & Pain Sprite Sheet-no-bg-preview (carve.photos).png
  artifactKey: Guid(1762fa96ea9b1d442ab50766f0994fe0) Importer(815301076,1909f56bfc062723c751e8b465ee728b)
Start importing Assets/Rat Hit & Pain Sprite Sheet-no-bg-preview (carve.photos).png using Guid(1762fa96ea9b1d442ab50766f0994fe0) Importer(815301076,1909f56bfc062723c751e8b465ee728b) (PreviewImporter) -> (artifact id: '5f6e3fe3b4b9b07147e7beb1a48d214b') in 0.0309591 seconds
Number of updated asset objects reloaded before import = 0Number of asset objects unloaded after import = 6

========================================================================
Received Import Request.
  Time since last request: 0.892026 seconds.
  path: Assets/Rat Hit & Pain Sprite Sheet-no-bg-preview (carve.photos).png
  artifactKey: Guid(1762fa96ea9b1d442ab50766f0994fe0) Importer(2089858483,b0f066a214c2f5e87bad3c948f4d605d)
Start importing Assets/Rat Hit & Pain Sprite Sheet-no-bg-preview (carve.photos).png using Guid(1762fa96ea9b1d442ab50766f0994fe0) Importer(2089858483,b0f066a214c2f5e87bad3c948f4d605d) (ScriptedImporter) -> (artifact id: '89d9cc4bf068a5cb038e1e80f6260a52') in 0.0281116 seconds
Number of updated asset objects reloaded before import = 0Number of asset objects unloaded after import = 6

========================================================================
Received Import Request.
  Time since last request: 65.637311 seconds.
  path: Assets/Без названия (1)-no-bg-preview (carve.photos).png
  artifactKey: Guid(1d5ccfc145ba1cf4ebd7a664961fea7c) Importer(815301076,1909f56bfc062723c751e8b465ee728b)
Start importing Assets/Без названия (1)-no-bg-preview (carve.photos).png using Guid(1d5ccfc145ba1cf4ebd7a664961fea7c) Importer(815301076,1909f56bfc062723c751e8b465ee728b) (PreviewImporter) -> (artifact id: '58e53883a2edf4d18ac5138b392367a0') in 0.0328369 seconds
Number of updated asset objects reloaded before import = 0Number of asset objects unloaded after import = 5

========================================================================
Received Import Request.
  Time since last request: 0.867112 seconds.
  path: Assets/Без названия (1)-no-bg-preview (carve.photos).png
  artifactKey: Guid(1d5ccfc145ba1cf4ebd7a664961fea7c) Importer(2089858483,b0f066a214c2f5e87bad3c948f4d605d)
Start importing Assets/Без названия (1)-no-bg-preview (carve.photos).png using Guid(1d5ccfc145ba1cf4ebd7a664961fea7c) Importer(2089858483,b0f066a214c2f5e87bad3c948f4d605d) (ScriptedImporter) -> (artifact id: 'be66b0d8691de3235a12f988c8bd9f06') in 0.0277322 seconds
Number of updated asset objects reloaded before import = 0Number of asset objects unloaded after import = 5

========================================================================
Received Import Request.
  Time since last request: 49.245980 seconds.
  path: Assets/FramesAnimation/HitRat.anim
  artifactKey: Guid(1b54bf6f54074df46aaf0570e72f48b9) Importer(2089858483,b0f066a214c2f5e87bad3c948f4d605d)
Start importing Assets/FramesAnimation/HitRat.anim using Guid(1b54bf6f54074df46aaf0570e72f48b9) Importer(2089858483,b0f066a214c2f5e87bad3c948f4d605d) (ScriptedImporter) -> (artifact id: '371713fde433161f40f1bd5068888e5e') in 0.0178059 seconds
Number of updated asset objects reloaded before import = 0Number of asset objects unloaded after import = 1

========================================================================
Received Import Request.
  Time since last request: 8.465307 seconds.
  path: Assets/Rat Hit & Pain Sprite Sheet-no-bg-preview (carve.photos).png
  artifactKey: Guid(1762fa96ea9b1d442ab50766f0994fe0) Importer(815301076,1909f56bfc062723c751e8b465ee728b)
Start importing Assets/Rat Hit & Pain Sprite Sheet-no-bg-preview (carve.photos).png using Guid(1762fa96ea9b1d442ab50766f0994fe0) Importer(815301076,1909f56bfc062723c751e8b465ee728b) (PreviewImporter) -> (artifact id: 'daccb173cc68cf52ad914a02cddbee14') in 0.0315007 seconds
Number of updated asset objects reloaded before import = 0Number of asset objects unloaded after import = 6

========================================================================
Received Import Request.
  Time since last request: 0.903440 seconds.
  path: Assets/Rat Hit & Pain Sprite Sheet-no-bg-preview (carve.photos).png
  artifactKey: Guid(1762fa96ea9b1d442ab50766f0994fe0) Importer(2089858483,b0f066a214c2f5e87bad3c948f4d605d)
Start importing Assets/Rat Hit & Pain Sprite Sheet-no-bg-preview (carve.photos).png using Guid(1762fa96ea9b1d442ab50766f0994fe0) Importer(2089858483,b0f066a214c2f5e87bad3c948f4d605d) (ScriptedImporter) -> (artifact id: '9e9f969d420a2fdd930669a1025b66a8') in 0.0270628 seconds
Number of updated asset objects reloaded before import = 0Number of asset objects unloaded after import = 6

========================================================================
Received Import Request.
  Time since last request: 28.459035 seconds.
  path: Assets/Rat Hit & Pain Sprite Sheet-no-bg-preview (carve.photos).png
  artifactKey: Guid(1762fa96ea9b1d442ab50766f0994fe0) Importer(815301076,1909f56bfc062723c751e8b465ee728b)
Start importing Assets/Rat Hit & Pain Sprite Sheet-no-bg-preview (carve.photos).png using Guid(1762fa96ea9b1d442ab50766f0994fe0) Importer(815301076,1909f56bfc062723c751e8b465ee728b) (PreviewImporter) -> (artifact id: 'bf3df8fdfe9c82cb978e09dfe2b563c3') in 0.0199509 seconds
Number of updated asset objects reloaded before import = 0Number of asset objects unloaded after import = 3

========================================================================
Received Import Request.
  Time since last request: 0.854662 seconds.
  path: Assets/Rat Hit & Pain Sprite Sheet-no-bg-preview (carve.photos).png
  artifactKey: Guid(1762fa96ea9b1d442ab50766f0994fe0) Importer(2089858483,b0f066a214c2f5e87bad3c948f4d605d)
Start importing Assets/Rat Hit & Pain Sprite Sheet-no-bg-preview (carve.photos).png using Guid(1762fa96ea9b1d442ab50766f0994fe0) Importer(2089858483,b0f066a214c2f5e87bad3c948f4d605d) (ScriptedImporter) -> (artifact id: 'ed0e051409efd203367732588c2b8d34') in 0.0196354 seconds
Number of updated asset objects reloaded before import = 0Number of asset objects unloaded after import = 3

========================================================================
Received Import Request.
  Time since last request: 3.404977 seconds.
  path: Assets/Rat Hit & Pain Sprite Sheet-no-bg-preview (carve.photos).png
  artifactKey: Guid(1762fa96ea9b1d442ab50766f0994fe0) Importer(815301076,1909f56bfc062723c751e8b465ee728b)
Start importing Assets/Rat Hit & Pain Sprite Sheet-no-bg-preview (carve.photos).png using Guid(1762fa96ea9b1d442ab50766f0994fe0) Importer(815301076,1909f56bfc062723c751e8b465ee728b) (PreviewImporter) -> (artifact id: '3e8e69c4ccee6202de6d236a96a4ff35') in 0.0217637 seconds
Number of updated asset objects reloaded before import = 0Number of asset objects unloaded after import = 3

========================================================================
Received Import Request.
  Time since last request: 0.875398 seconds.
  path: Assets/Rat Hit & Pain Sprite Sheet-no-bg-preview (carve.photos).png
  artifactKey: Guid(1762fa96ea9b1d442ab50766f0994fe0) Importer(2089858483,b0f066a214c2f5e87bad3c948f4d605d)
Start importing Assets/Rat Hit & Pain Sprite Sheet-no-bg-preview (carve.photos).png using Guid(1762fa96ea9b1d442ab50766f0994fe0) Importer(2089858483,b0f066a214c2f5e87bad3c948f4d605d) (ScriptedImporter) -> (artifact id: '293b998a9c2aa832fefc3ac282cc4fcd') in 0.0232954 seconds
Number of updated asset objects reloaded before import = 0Number of asset objects unloaded after import = 3

========================================================================
Received Import Request.
  Time since last request: 18.717328 seconds.
  path: Assets/Без названия (1)-no-bg-preview (carve.photos).png
  artifactKey: Guid(1d5ccfc145ba1cf4ebd7a664961fea7c) Importer(815301076,1909f56bfc062723c751e8b465ee728b)
Start importing Assets/Без названия (1)-no-bg-preview (carve.photos).png using Guid(1d5ccfc145ba1cf4ebd7a664961fea7c) Importer(815301076,1909f56bfc062723c751e8b465ee728b) (PreviewImporter) -> (artifact id: '027e774f237a4751f3ec00aae7de0f4d') in 0.0270967 seconds
Number of updated asset objects reloaded before import = 0Number of asset objects unloaded after import = 5

========================================================================
Received Import Request.
  Time since last request: 0.907792 seconds.
  path: Assets/Без названия (1)-no-bg-preview (carve.photos).png
  artifactKey: Guid(1d5ccfc145ba1cf4ebd7a664961fea7c) Importer(2089858483,b0f066a214c2f5e87bad3c948f4d605d)
Start importing Assets/Без названия (1)-no-bg-preview (carve.photos).png using Guid(1d5ccfc145ba1cf4ebd7a664961fea7c) Importer(2089858483,b0f066a214c2f5e87bad3c948f4d605d) (ScriptedImporter) -> (artifact id: 'bca62739af86f5e2ec80234f88fadc6a') in 0.0277636 seconds
Number of updated asset objects reloaded before import = 0Number of asset objects unloaded after import = 5

========================================================================
Received Import Request.
  Time since last request: 17.987767 seconds.
  path: Assets/Без названия (1)-no-bg-preview (carve.photos).png
  artifactKey: Guid(1d5ccfc145ba1cf4ebd7a664961fea7c) Importer(815301076,1909f56bfc062723c751e8b465ee728b)
Start importing Assets/Без названия (1)-no-bg-preview (carve.photos).png using Guid(1d5ccfc145ba1cf4ebd7a664961fea7c) Importer(815301076,1909f56bfc062723c751e8b465ee728b) (PreviewImporter) -> (artifact id: '82b5cdf41fc5d127d58fa43a43f78485') in 0.0279428 seconds
Number of updated asset objects reloaded before import = 0Number of asset objects unloaded after import = 5

========================================================================
Received Import Request.
  Time since last request: 0.844506 seconds.
  path: Assets/Без названия (1)-no-bg-preview (carve.photos).png
  artifactKey: Guid(1d5ccfc145ba1cf4ebd7a664961fea7c) Importer(2089858483,b0f066a214c2f5e87bad3c948f4d605d)
Start importing Assets/Без названия (1)-no-bg-preview (carve.photos).png using Guid(1d5ccfc145ba1cf4ebd7a664961fea7c) Importer(2089858483,b0f066a214c2f5e87bad3c948f4d605d) (ScriptedImporter) -> (artifact id: '7b85ab5c4c97f62b85eaced34280ed55') in 0.0231281 seconds
Number of updated asset objects reloaded before import = 0Number of asset objects unloaded after import = 5

========================================================================
Received Import Request.
  Time since last request: 13.713039 seconds.
  path: Assets/Без названия-no-bg-preview (carve.photos).png
  artifactKey: Guid(6296a540df3891144905d1b97ccafe77) Importer(815301076,1909f56bfc062723c751e8b465ee728b)
Start importing Assets/Без названия-no-bg-preview (carve.photos).png using Guid(6296a540df3891144905d1b97ccafe77) Importer(815301076,1909f56bfc062723c751e8b465ee728b) (PreviewImporter) -> (artifact id: 'e9b4f90e9a4ae8721956ca1e87c3034b') in 0.0420328 seconds
Number of updated asset objects reloaded before import = 0Number of asset objects unloaded after import = 10

========================================================================
Received Import Request.
  Time since last request: 0.902801 seconds.
  path: Assets/Без названия-no-bg-preview (carve.photos).png
  artifactKey: Guid(6296a540df3891144905d1b97ccafe77) Importer(2089858483,b0f066a214c2f5e87bad3c948f4d605d)
Start importing Assets/Без названия-no-bg-preview (carve.photos).png using Guid(6296a540df3891144905d1b97ccafe77) Importer(2089858483,b0f066a214c2f5e87bad3c948f4d605d) (ScriptedImporter) -> (artifact id: 'ed2c0cf56b8ea678238a563305a5ebc5') in 0.0266338 seconds
Number of updated asset objects reloaded before import = 0Number of asset objects unloaded after import = 10

========================================================================
Received Import Request.
  Time since last request: 30.015727 seconds.
  path: Assets/Без названия-no-bg-preview (carve.photos).png
  artifactKey: Guid(6296a540df3891144905d1b97ccafe77) Importer(815301076,1909f56bfc062723c751e8b465ee728b)
Start importing Assets/Без названия-no-bg-preview (carve.photos).png using Guid(6296a540df3891144905d1b97ccafe77) Importer(815301076,1909f56bfc062723c751e8b465ee728b) (PreviewImporter) -> (artifact id: '78357536948ba2e8fc2dc41e01c6871e') in 0.0224622 seconds
Number of updated asset objects reloaded before import = 0Number of asset objects unloaded after import = 4

========================================================================
Received Import Request.
  Time since last request: 0.813674 seconds.
  path: Assets/Без названия-no-bg-preview (carve.photos).png
  artifactKey: Guid(6296a540df3891144905d1b97ccafe77) Importer(2089858483,b0f066a214c2f5e87bad3c948f4d605d)
Start importing Assets/Без названия-no-bg-preview (carve.photos).png using Guid(6296a540df3891144905d1b97ccafe77) Importer(2089858483,b0f066a214c2f5e87bad3c948f4d605d) (ScriptedImporter) -> (artifact id: '8501939379f60264136dce54bd23ca64') in 0.0215107 seconds
Number of updated asset objects reloaded before import = 0Number of asset objects unloaded after import = 4

========================================================================
Received Import Request.
  Time since last request: 113.739725 seconds.
  path: Assets/FramesAnimation/Rat Hit & Pain Sprite Sheet-no-bg-preview (carve.photos).png
  artifactKey: Guid(1762fa96ea9b1d442ab50766f0994fe0) Importer(2089858483,b0f066a214c2f5e87bad3c948f4d605d)
Start importing Assets/FramesAnimation/Rat Hit & Pain Sprite Sheet-no-bg-preview (carve.photos).png using Guid(1762fa96ea9b1d442ab50766f0994fe0) Importer(2089858483,b0f066a214c2f5e87bad3c948f4d605d) (ScriptedImporter) -> (artifact id: '3f86267ff1bdcc160bda1569bda96d46') in 0.0303241 seconds
Number of updated asset objects reloaded before import = 0Number of asset objects unloaded after import = 3

========================================================================
Received Import Request.
  Time since last request: 0.801556 seconds.
  path: Assets/FramesAnimation/Без названия (1)-no-bg-preview (carve.photos).png
  artifactKey: Guid(1d5ccfc145ba1cf4ebd7a664961fea7c) Importer(2089858483,b0f066a214c2f5e87bad3c948f4d605d)
Start importing Assets/FramesAnimation/Без названия (1)-no-bg-preview (carve.photos).png using Guid(1d5ccfc145ba1cf4ebd7a664961fea7c) Importer(2089858483,b0f066a214c2f5e87bad3c948f4d605d) (ScriptedImporter) -> (artifact id: '3ede869eed3f62d88ab32f0219aa8a57') in 0.0238393 seconds
Number of updated asset objects reloaded before import = 0Number of asset objects unloaded after import = 5

========================================================================
Received Import Request.
  Time since last request: 1.861689 seconds.
  path: Assets/FramesAnimation/Без названия-no-bg-preview (carve.photos).png
  artifactKey: Guid(6296a540df3891144905d1b97ccafe77) Importer(2089858483,b0f066a214c2f5e87bad3c948f4d605d)
Start importing Assets/FramesAnimation/Без названия-no-bg-preview (carve.photos).png using Guid(6296a540df3891144905d1b97ccafe77) Importer(2089858483,b0f066a214c2f5e87bad3c948f4d605d) (ScriptedImporter) -> (artifact id: 'ef95d2cb14450b800ae380074625cc83') in 0.0192082 seconds
Number of updated asset objects reloaded before import = 0Number of asset objects unloaded after import = 4

========================================================================
Received Import Request.
  Time since last request: 25.322367 seconds.
  path: Assets/FramesAnimation/Hit.anim
  artifactKey: Guid(a374fced43416f947b9f990406c39127) Importer(2089858483,b0f066a214c2f5e87bad3c948f4d605d)
Start importing Assets/FramesAnimation/Hit.anim using Guid(a374fced43416f947b9f990406c39127) Importer(2089858483,b0f066a214c2f5e87bad3c948f4d605d) (ScriptedImporter) -> (artifact id: 'fab441e1b67f9c7e4d3b360dea206ef2') in 0.0345801 seconds
Number of updated asset objects reloaded before import = 0Number of asset objects unloaded after import = 1

========================================================================
Received Import Request.
  Time since last request: 0.000038 seconds.
  path: Assets/FramesAnimation/HitRat.anim
  artifactKey: Guid(1b54bf6f54074df46aaf0570e72f48b9) Importer(2089858483,b0f066a214c2f5e87bad3c948f4d605d)
Start importing Assets/FramesAnimation/HitRat.anim using Guid(1b54bf6f54074df46aaf0570e72f48b9) Importer(2089858483,b0f066a214c2f5e87bad3c948f4d605d) (ScriptedImporter) -> (artifact id: 'ca49a559c33444c520bdf4d55a9368dd') in 0.0172363 seconds
Number of updated asset objects reloaded before import = 0Number of asset objects unloaded after import = 1

========================================================================
Received Import Request.
  Time since last request: 0.000031 seconds.
  path: Assets/FramesAnimation/run.anim
  artifactKey: Guid(d837e983fd6de6a459631472946db20b) Importer(2089858483,b0f066a214c2f5e87bad3c948f4d605d)
Start importing Assets/FramesAnimation/run.anim using Guid(d837e983fd6de6a459631472946db20b) Importer(2089858483,b0f066a214c2f5e87bad3c948f4d605d) (ScriptedImporter) -> (artifact id: '7239cbab9e863b39e7062ec01db126a7') in 0.0153088 seconds
Number of updated asset objects reloaded before import = 0Number of asset objects unloaded after import = 1

========================================================================
Received Import Request.
  Time since last request: 0.000033 seconds.
  path: Assets/Scenes/SampleScene.unity
  artifactKey: Guid(8c9cfa26abfee488c85f1582747f6a02) Importer(2089858483,b0f066a214c2f5e87bad3c948f4d605d)
Start importing Assets/Scenes/SampleScene.unity using Guid(8c9cfa26abfee488c85f1582747f6a02) Importer(2089858483,b0f066a214c2f5e87bad3c948f4d605d) (ScriptedImporter) -> (artifact id: '56c549d0dbd9585adfb2aab19a531956') in 0.0211238 seconds
Number of updated asset objects reloaded before import = 0Number of asset objects unloaded after import = 1

========================================================================
Received Import Request.
  Time since last request: 0.000028 seconds.
  path: Assets/FramesAnimation/HitOficer.anim
  artifactKey: Guid(a97a697ffe3802042af8a8f9773e62ba) Importer(2089858483,b0f066a214c2f5e87bad3c948f4d605d)
Start importing Assets/FramesAnimation/HitOficer.anim using Guid(a97a697ffe3802042af8a8f9773e62ba) Importer(2089858483,b0f066a214c2f5e87bad3c948f4d605d) (ScriptedImporter) -> (artifact id: '63983d694f5943895cefe51842a60140') in 0.0217445 seconds
Number of updated asset objects reloaded before import = 0Number of asset objects unloaded after import = 1

Editor requested this worker to shutdown with reason: Scaling down because of idle timeout
AssetImportWorker is now disconnected from the server
Process exiting
Exiting without the bug reporter. Application will terminate with return code 0